Unity Editor version:    2022.3.4f1 (35713cd46cd7)
Branch:                  2022.3/staging
Build type:              Release
Batch mode:              YES
macOS version:           Version 13.4 (Build 22F66)
Darwin version:          22.5.0
Architecture:            arm64
Running under Rosetta:   NO
Available memory:        16384 MB
Using pre-set license
Pro License: YES

COMMAND LINE ARGUMENTS:
/Users/bruno/Development/2022.3.4f1/Unity.app/Contents/MacOS/Unity
-adb2
-batchMode
-noUpm
-name
AssetImportWorker0
-projectPath
/Users/bruno/Development/Unity/Harvest_and_Hold
-logFile
Logs/AssetImportWorker0.log
-srvPort
53822
Successfully changed project path to: /Users/bruno/Development/Unity/Harvest_and_Hold
/Users/bruno/Development/Unity/Harvest_and_Hold
[UnityMemory] Configuration Parameters - Can be set up in boot.config
    "memorysetup-bucket-allocator-granularity=16"
    "memorysetup-bucket-allocator-bucket-count=8"
    "memorysetup-bucket-allocator-block-size=33554432"
    "memorysetup-bucket-allocator-block-count=8"
    "memorysetup-main-allocator-block-size=16777216"
    "memorysetup-thread-allocator-block-size=16777216"
    "memorysetup-gfx-main-allocator-block-size=16777216"
    "memorysetup-gfx-thread-allocator-block-size=16777216"
    "memorysetup-cache-allocator-block-size=4194304"
    "memorysetup-typetree-allocator-block-size=2097152"
    "memorysetup-profiler-bucket-allocator-granularity=16"
    "memorysetup-profiler-bucket-allocator-bucket-count=8"
    "memorysetup-profiler-bucket-allocator-block-size=33554432"
    "memorysetup-profiler-bucket-allocator-block-count=8"
    "memorysetup-profiler-allocator-block-size=16777216"
    "memorysetup-profiler-editor-allocator-block-size=1048576"
    "memorysetup-temp-allocator-size-main=16777216"
    "memorysetup-job-temp-allocator-block-size=2097152"
    "memorysetup-job-temp-allocator-block-size-background=1048576"
    "memorysetup-job-temp-allocator-reduction-small-platforms=262144"
    "memorysetup-allocator-temp-initial-block-size-main=262144"
    "memorysetup-allocator-temp-initial-block-size-worker=262144"
    "memorysetup-temp-allocator-size-background-worker=32768"
    "memorysetup-temp-allocator-size-job-worker=262144"
    "memorysetup-temp-allocator-size-preload-manager=33554432"
    "memorysetup-temp-allocator-size-nav-mesh-worker=65536"
    "memorysetup-temp-allocator-size-audio-worker=65536"
    "memorysetup-temp-allocator-size-cloud-worker=32768"
    "memorysetup-temp-allocator-size-gi-baking-worker=262144"
    "memorysetup-temp-allocator-size-gfx=262144"
Player connection [8538758656] Host "[IP] 192.168.1.7 [Port] 0 [Flags] 2 [Guid] 3016302320 [EditorId] 3016302320 [Version] 1048832 [Id] OSXEditor(0,192.168.1.7) [Debug] 1 [PackageName] OSXEditor [ProjectName] Editor" joined multi-casting on [225.0.0.222:54997]...

Player connection [8538758656] Host "[IP] 192.168.1.7 [Port] 0 [Flags] 2 [Guid] 3016302320 [EditorId] 3016302320 [Version] 1048832 [Id] OSXEditor(0,192.168.1.7) [Debug] 1 [PackageName] OSXEditor [ProjectName] Editor" joined alternative multi-casting on [225.0.0.222:34997]...

Refreshing native plugins compatible for Editor in 3.68 ms, found 1 plugins.
Preloading 0 native plugins for Editor in 0.00 ms.
Initialize engine version: 2022.3.4f1 (35713cd46cd7)
[Subsystems] Discovering subsystems at path /Users/bruno/Development/2022.3.4f1/Unity.app/Contents/Resources/UnitySubsystems
[Subsystems] Discovering subsystems at path /Users/bruno/Development/Unity/Harvest_and_Hold/Assets
GfxDevice: creating device client; threaded=0; jobified=0
 preferred device: Apple M1 Pro (high power)
Metal devices available: 1
0: Apple M1 Pro (high power)
Using device Apple M1 Pro (high power)
Initializing Metal device caps: Apple M1 Pro
Initialize mono
Mono path[0] = '/Users/bruno/Development/2022.3.4f1/Unity.app/Contents/Managed'
Mono path[1] = '/Users/bruno/Development/2022.3.4f1/Unity.app/Contents/MonoBleedingEdge/lib/mono/unityjit-macos'
Mono config path = '/Users/bruno/Development/2022.3.4f1/Unity.app/Contents/MonoBleedingEdge/etc'
Using monoOptions --debugger-agent=transport=dt_socket,embedding=1,server=y,suspend=n,address=127.0.0.1:56800
Begin MonoManager ReloadAssembly
Registering precompiled unity dll's ...
Register platform support module: /Users/bruno/Development/2022.3.4f1/Unity.app/Contents/PlaybackEngines/MacStandaloneSupport/UnityEditor.OSXStandalone.Extensions.dll
Registered in 0.002815 seconds.
- Loaded All Assemblies, in  0.278 seconds
Native extension for OSXStandalone target not found
Mono: successfully reloaded assembly
- Finished resetting the current domain, in  0.193 seconds
Domain Reload Profiling: 471ms
	BeginReloadAssembly (89ms)
		ExecutionOrderSort (0ms)
		DisableScriptedObjects (0ms)
		BackupInstance (0ms)
		ReleaseScriptingObjects (0ms)
		CreateAndSetChildDomain (1ms)
	RebuildCommonClasses (29ms)
	RebuildNativeTypeToScriptingClass (10ms)
	initialDomainReloadingComplete (40ms)
	LoadAllAssembliesAndSetupDomain (110ms)
		LoadAssemblies (89ms)
		RebuildTransferFunctionScriptingTraits (0ms)
		AnalyzeDomain (108ms)
			TypeCache.Refresh (107ms)
				TypeCache.ScanAssembly (98ms)
			ScanForSourceGeneratedMonoScriptInfo (0ms)
			ResolveRequiredComponents (0ms)
	FinalizeReload (193ms)
		ReleaseScriptCaches (0ms)
		RebuildScriptCaches (0ms)
		SetupLoadedEditorAssemblies (145ms)
			LogAssemblyErrors (0ms)
			InitializePlatformSupportModulesInManaged (5ms)
			SetLoadedEditorAssemblies (5ms)
			RefreshPlugins (0ms)
			BeforeProcessingInitializeOnLoad (1ms)
			ProcessInitializeOnLoadAttributes (98ms)
			ProcessInitializeOnLoadMethodAttributes (35ms)
			AfterProcessingInitializeOnLoad (0ms)
			EditorAssembliesLoaded (0ms)
		ExecutionOrderSort2 (0ms)
		AwakeInstancesAfterBackupRestoration (0ms)
========================================================================
Worker process is ready to serve import requests
Begin MonoManager ReloadAssembly
- Loaded All Assemblies, in  0.414 seconds
Refreshing native plugins compatible for Editor in 0.67 ms, found 1 plugins.
Native extension for OSXStandalone target not found
Mono: successfully reloaded assembly
- Finished resetting the current domain, in  0.289 seconds
Domain Reload Profiling: 704ms
	BeginReloadAssembly (92ms)
		ExecutionOrderSort (0ms)
		DisableScriptedObjects (4ms)
		BackupInstance (0ms)
		ReleaseScriptingObjects (0ms)
		CreateAndSetChildDomain (18ms)
	RebuildCommonClasses (28ms)
	RebuildNativeTypeToScriptingClass (10ms)
	initialDomainReloadingComplete (30ms)
	LoadAllAssembliesAndSetupDomain (254ms)
		LoadAssemblies (151ms)
		RebuildTransferFunctionScriptingTraits (0ms)
		AnalyzeDomain (144ms)
			TypeCache.Refresh (134ms)
				TypeCache.ScanAssembly (128ms)
			ScanForSourceGeneratedMonoScriptInfo (8ms)
			ResolveRequiredComponents (2ms)
	FinalizeReload (290ms)
		ReleaseScriptCaches (0ms)
		RebuildScriptCaches (0ms)
		SetupLoadedEditorAssemblies (175ms)
			LogAssemblyErrors (0ms)
			InitializePlatformSupportModulesInManaged (3ms)
			SetLoadedEditorAssemblies (4ms)
			RefreshPlugins (0ms)
			BeforeProcessingInitializeOnLoad (34ms)
			ProcessInitializeOnLoadAttributes (107ms)
			ProcessInitializeOnLoadMethodAttributes (26ms)
			AfterProcessingInitializeOnLoad (1ms)
			EditorAssembliesLoaded (0ms)
		ExecutionOrderSort2 (0ms)
		AwakeInstancesAfterBackupRestoration (3ms)
Launching external process: /Users/bruno/Development/2022.3.4f1/Unity.app/Contents/Tools/UnityShaderCompiler
Launched and connected shader compiler UnityShaderCompiler after 0.06 seconds
Refreshing native plugins compatible for Editor in 0.74 ms, found 1 plugins.
Preloading 0 native plugins for Editor in 0.00 ms.
Unloading 1580 Unused Serialized files (Serialized files now loaded: 0)
Unloading 41 unused Assets / (50.4 KB). Loaded Objects now: 2056.
Memory consumption went from 87.1 MB to 87.1 MB.
Total: 2.748625 ms (FindLiveObjects: 0.092041 ms CreateObjectMapping: 0.025792 ms MarkObjects: 2.482500 ms  DeleteObjects: 0.147417 ms)

AssetImportParameters requested are different than current active one (requested -> active):
  custom:video-encoder-webm-vp8: eb34c28f22e8b96e1ab97ce403110664 -> 
  custom:video-decoder-webm-vp8: 9c59270c3fd7afecdb556c50c9e8de78 -> 
  custom:audio-decoder-ogg-vorbis: bf7c407c2cedff20999df2af8eb42d56 -> 
  custom:container-demuxer-ogg: 62fdf1f143b41e24485cea50d1cbac27 -> 
  custom:AudioImporter_EditorPlatform: 3918e3fc78b5a79bad01e8451be0beb8 -> 
  custom:CustomObjectIndexerAttribute: 756ad292c208cfabdd7b50bc23989ffe -> 
  custom:container-demuxer-webm: 4f35f7cbe854078d1ac9338744f61a02 -> 
  custom:video-decoder-ogg-theora: a1e56fd34408186e4bbccfd4996cb3dc -> 
  custom:audio-encoder-webm-vorbis: bf7c407c2cedff20999df2af8eb42d56 -> 
  custom:framework-osx-AVFoundation: e770b220cccbd017edd2c1fefb359320 -> 
  custom:container-muxer-webm: aa71ff27fc2769a1b78a27578f13a17b -> 
========================================================================
Received Import Request.
  Time since last request: 385342.352947 seconds.
  path: Assets/sentient_bytes_zoomed_out_field_6b82b61d-7bef-495c-9318-e6538c1f847c.png
  artifactKey: Guid(732977f63d93c4bd482d645c49df9a58) Importer(815301076,1909f56bfc062723c751e8b465ee728b)
Start importing Assets/sentient_bytes_zoomed_out_field_6b82b61d-7bef-495c-9318-e6538c1f847c.png using Guid(732977f63d93c4bd482d645c49df9a58) Importer(815301076,1909f56bfc062723c751e8b465ee728b)  -> (artifact id: 'f538d26de8943ba2a358f853e486d49d') in 0.068656 seconds
Number of updated asset objects reloaded before import = 0
Number of asset objects unloaded after import = 3
========================================================================
Received Import Request.
  Time since last request: 7.404303 seconds.
  path: Assets/1.png
  artifactKey: Guid(74807602353e24689ae360b626ad260f) Importer(815301076,1909f56bfc062723c751e8b465ee728b)
Start importing Assets/1.png using Guid(74807602353e24689ae360b626ad260f) Importer(815301076,1909f56bfc062723c751e8b465ee728b)  -> (artifact id: 'b38c3c1a54250d77727bc7ec66f060e8') in 0.009914 seconds
Number of updated asset objects reloaded before import = 0
Number of asset objects unloaded after import = 3
========================================================================
Received Import Request.
  Time since last request: 24.946247 seconds.
  path: Assets/1.png
  artifactKey: Guid(74807602353e24689ae360b626ad260f) Importer(815301076,1909f56bfc062723c751e8b465ee728b)
Start importing Assets/1.png using Guid(74807602353e24689ae360b626ad260f) Importer(815301076,1909f56bfc062723c751e8b465ee728b)  -> (artifact id: '1f35ede8496095a87a89348f65666e68') in 0.010641 seconds
Number of updated asset objects reloaded before import = 0
Number of asset objects unloaded after import = 3
========================================================================
Received Import Request.
  Time since last request: 10.881564 seconds.
  path: Assets/sentient_bytes_zoomed_out_field_6b82b61d-7bef-495c-9318-e6538c1f847c.png
  artifactKey: Guid(732977f63d93c4bd482d645c49df9a58) Importer(815301076,1909f56bfc062723c751e8b465ee728b)
Start importing Assets/sentient_bytes_zoomed_out_field_6b82b61d-7bef-495c-9318-e6538c1f847c.png using Guid(732977f63d93c4bd482d645c49df9a58) Importer(815301076,1909f56bfc062723c751e8b465ee728b)  -> (artifact id: '70120c82b22753205541a4dbf0312f84') in 0.009581 seconds
Number of updated asset objects reloaded before import = 0
Number of asset objects unloaded after import = 3
========================================================================
Received Import Request.
  Time since last request: 6.078945 seconds.
  path: Assets/sentient_bytes_zoomed_out_field_c0a1f951-1795-4415-b7ae-3651d305a026.png
  artifactKey: Guid(3dbec5810780e47ce9545da927c57b0a) Importer(815301076,1909f56bfc062723c751e8b465ee728b)
Start importing Assets/sentient_bytes_zoomed_out_field_c0a1f951-1795-4415-b7ae-3651d305a026.png using Guid(3dbec5810780e47ce9545da927c57b0a) Importer(815301076,1909f56bfc062723c751e8b465ee728b)  -> (artifact id: '96e32f92134b8d1f7e1943365e223b21') in 0.009923 seconds
Number of updated asset objects reloaded before import = 0
Number of asset objects unloaded after import = 3
========================================================================
Received Import Request.
  Time since last request: 56.102477 seconds.
  path: Assets/1.png
  artifactKey: Guid(74807602353e24689ae360b626ad260f) Importer(815301076,1909f56bfc062723c751e8b465ee728b)
Start importing Assets/1.png using Guid(74807602353e24689ae360b626ad260f) Importer(815301076,1909f56bfc062723c751e8b465ee728b)  -> (artifact id: '4654f2b6d3560bfad3abd5b3afb1e6d0') in 0.014782 seconds
Number of updated asset objects reloaded before import = 0
Number of asset objects unloaded after import = 3
========================================================================
Received Import Request.
  Time since last request: 5.555091 seconds.
  path: Assets/sentient_bytes_zoomed_out_field_6b82b61d-7bef-495c-9318-e6538c1f847c.png
  artifactKey: Guid(732977f63d93c4bd482d645c49df9a58) Importer(815301076,1909f56bfc062723c751e8b465ee728b)
Start importing Assets/sentient_bytes_zoomed_out_field_6b82b61d-7bef-495c-9318-e6538c1f847c.png using Guid(732977f63d93c4bd482d645c49df9a58) Importer(815301076,1909f56bfc062723c751e8b465ee728b)  -> (artifact id: 'fc9cd0819fe4a245c34cce17d837de61') in 0.014156 seconds
Number of updated asset objects reloaded before import = 0
Number of asset objects unloaded after import = 3
========================================================================
Received Import Request.
  Time since last request: 5.266620 seconds.
  path: Assets/sentient_bytes_zoomed_out_field_c0a1f951-1795-4415-b7ae-3651d305a026.png
  artifactKey: Guid(3dbec5810780e47ce9545da927c57b0a) Importer(815301076,1909f56bfc062723c751e8b465ee728b)
Start importing Assets/sentient_bytes_zoomed_out_field_c0a1f951-1795-4415-b7ae-3651d305a026.png using Guid(3dbec5810780e47ce9545da927c57b0a) Importer(815301076,1909f56bfc062723c751e8b465ee728b)  -> (artifact id: 'a4c26d31766a31ea155e8ba706d6617f') in 0.012940 seconds
Number of updated asset objects reloaded before import = 0
Number of asset objects unloaded after import = 3
========================================================================
Received Import Request.
  Time since last request: 1387.862477 seconds.
  path: Assets/Sprites
  artifactKey: Guid(328b43c196b9d4ea3a9b935bab638c1a) Importer(815301076,1909f56bfc062723c751e8b465ee728b)
Start importing Assets/Sprites using Guid(328b43c196b9d4ea3a9b935bab638c1a) Importer(815301076,1909f56bfc062723c751e8b465ee728b)  -> (artifact id: 'da783c7e75adf880c1d371b9bca84815') in 0.002114 seconds
Number of updated asset objects reloaded before import = 0
Number of asset objects unloaded after import = 0
========================================================================
Received Import Request.
  Time since last request: 11.011668 seconds.
  path: Assets/Sprites/background.png
  artifactKey: Guid(3b7ce50b6a42c4cb69bf2c32e6c46073) Importer(815301076,1909f56bfc062723c751e8b465ee728b)
Start importing Assets/Sprites/background.png using Guid(3b7ce50b6a42c4cb69bf2c32e6c46073) Importer(815301076,1909f56bfc062723c751e8b465ee728b)  -> (artifact id: 'a74dea6f5a6e08ad6d4fea326c531787') in 0.028422 seconds
Number of updated asset objects reloaded before import = 0
Number of asset objects unloaded after import = 3
